c:\users\tom\desktop\bsc computing for games\year 2\comp220\portfolio\comp220-portfolio\3d game demo\comp220\06_lighting\debug\cavesystem.pch
c:\users\tom\desktop\bsc computing for games\year 2\comp220\portfolio\comp220-portfolio\3d game demo\comp220\06_lighting\debug\vc140.pdb
c:\users\tom\desktop\bsc computing for games\year 2\comp220\portfolio\comp220-portfolio\3d game demo\comp220\06_lighting\debug\vc140.idb
c:\users\tom\desktop\bsc computing for games\year 2\comp220\portfolio\comp220-portfolio\3d game demo\comp220\06_lighting\debug\stdafx.obj
c:\users\tom\desktop\bsc computing for games\year 2\comp220\portfolio\comp220-portfolio\3d game demo\comp220\06_lighting\debug\cave.obj
c:\users\tom\desktop\bsc computing for games\year 2\comp220\portfolio\comp220-portfolio\3d game demo\comp220\06_lighting\debug\mesh.obj
c:\users\tom\desktop\bsc computing for games\year 2\comp220\portfolio\comp220-portfolio\3d game demo\comp220\06_lighting\debug\vertex.obj
c:\users\tom\desktop\bsc computing for games\year 2\comp220\portfolio\comp220-portfolio\3d game demo\comp220\06_lighting\debug\light.obj
c:\users\tom\desktop\bsc computing for games\year 2\comp220\portfolio\comp220-portfolio\3d game demo\comp220\06_lighting\debug\movement.obj
c:\users\tom\desktop\bsc computing for games\year 2\comp220\portfolio\comp220-portfolio\3d game demo\comp220\06_lighting\debug\cavegen.obj
c:\users\tom\desktop\bsc computing for games\year 2\comp220\portfolio\comp220-portfolio\3d game demo\comp220\debug\cavesystem.ilk
c:\users\tom\desktop\bsc computing for games\year 2\comp220\portfolio\comp220-portfolio\3d game demo\comp220\debug\cavesystem.exe
c:\users\tom\desktop\bsc computing for games\year 2\comp220\portfolio\comp220-portfolio\3d game demo\comp220\debug\cavesystem.pdb
c:\users\tom\desktop\bsc computing for games\year 2\comp220\portfolio\comp220-portfolio\3d game demo\comp220\06_lighting\debug\03_transformations.res
c:\users\tom\desktop\bsc computing for games\year 2\comp220\portfolio\comp220-portfolio\3d game demo\comp220\06_lighting\debug\06_lighting.obj
c:\users\tom\desktop\bsc computing for games\year 2\comp220\portfolio\comp220-portfolio\3d game demo\comp220\06_lighting\debug\06_lighting.pch
c:\users\tom\desktop\bsc computing for games\year 2\comp220\portfolio\comp220-portfolio\3d game demo\comp220\06_lighting\debug\cavesystem.tlog\cl.command.1.tlog
c:\users\tom\desktop\bsc computing for games\year 2\comp220\portfolio\comp220-portfolio\3d game demo\comp220\06_lighting\debug\cavesystem.tlog\cl.read.1.tlog
c:\users\tom\desktop\bsc computing for games\year 2\comp220\portfolio\comp220-portfolio\3d game demo\comp220\06_lighting\debug\cavesystem.tlog\cl.write.1.tlog
c:\users\tom\desktop\bsc computing for games\year 2\comp220\portfolio\comp220-portfolio\3d game demo\comp220\06_lighting\debug\cavesystem.tlog\link.command.1.tlog
c:\users\tom\desktop\bsc computing for games\year 2\comp220\portfolio\comp220-portfolio\3d game demo\comp220\06_lighting\debug\cavesystem.tlog\link.read.1.tlog
c:\users\tom\desktop\bsc computing for games\year 2\comp220\portfolio\comp220-portfolio\3d game demo\comp220\06_lighting\debug\cavesystem.tlog\link.write.1.tlog
c:\users\tom\desktop\bsc computing for games\year 2\comp220\portfolio\comp220-portfolio\3d game demo\comp220\06_lighting\debug\cavesystem.tlog\rc.command.1.tlog
c:\users\tom\desktop\bsc computing for games\year 2\comp220\portfolio\comp220-portfolio\3d game demo\comp220\06_lighting\debug\cavesystem.tlog\rc.read.1.tlog
c:\users\tom\desktop\bsc computing for games\year 2\comp220\portfolio\comp220-portfolio\3d game demo\comp220\06_lighting\debug\cavesystem.tlog\rc.write.1.tlog
