  stdafx.cpp
  Vertex.cpp
  Texture.cpp
  Terrain.cpp
c:\users\warwick\desktop\comp220-portfolio\comp220\06_lighting\terrain.cpp(9): warning C4244: 'argument': conversion from 'time_t' to 'uint32_t', possible loss of data
c:\users\warwick\desktop\comp220-portfolio\comp220\06_lighting\terrain.cpp(55): warning C4267: 'initializing': conversion from 'size_t' to 'int', possible loss of data
  PlayerMovement.cpp
c:\users\warwick\desktop\comp220-portfolio\comp220\06_lighting\playermovement.h(19): warning C4305: 'initializing': truncation from 'double' to 'const float'
c:\users\warwick\desktop\comp220-portfolio\comp220\06_lighting\playermovement.h(20): warning C4305: 'initializing': truncation from 'double' to 'const float'
c:\users\warwick\desktop\comp220-portfolio\comp220\06_lighting\playermovement.cpp(84): warning C4244: 'initializing': conversion from 'double' to 'float', possible loss of data
c:\users\warwick\desktop\comp220-portfolio\comp220\06_lighting\playermovement.cpp(85): warning C4244: 'initializing': conversion from 'double' to 'float', possible loss of data
c:\users\warwick\desktop\comp220-portfolio\comp220\06_lighting\playermovement.cpp(87): warning C4244: 'initializing': conversion from 'double' to 'float', possible loss of data
c:\users\warwick\desktop\comp220-portfolio\comp220\06_lighting\playermovement.cpp(88): warning C4244: '=': conversion from 'double' to 'float', possible loss of data
  noise.cpp
c:\users\warwick\desktop\comp220-portfolio\comp220\06_lighting\noise.cpp(26): warning C4244: '=': conversion from 'time_t' to 'uint32_t', possible loss of data
  Mesh.cpp
c:\users\warwick\desktop\comp220-portfolio\comp220\06_lighting\mesh.cpp(174): warning C4267: 'argument': conversion from 'size_t' to 'GLsizei', possible loss of data
  LoadShader.cpp
  ErrorMessage.cpp
  06_Lighting.cpp
c:\users\warwick\desktop\comp220-portfolio\comp220\06_lighting\playermovement.h(19): warning C4305: 'initializing': truncation from 'double' to 'const float'
c:\users\warwick\desktop\comp220-portfolio\comp220\06_lighting\playermovement.h(20): warning C4305: 'initializing': truncation from 'double' to 'const float'
  Generating Code...
  06_Lighting.vcxproj -> C:\Users\Warwick\Desktop\comp220-portfolio\COMP220\x64\Debug\06_Lighting.exe
  06_Lighting.vcxproj -> C:\Users\Warwick\Desktop\comp220-portfolio\COMP220\x64\Debug\06_Lighting.pdb (Full PDB)
