Build started 01/11/2016 19:10:12.
     1>Project "C:\Users\Tom\Desktop\BSc Computing For Games\Year 2\COMP220\Portfolio\comp220-portfolio\3D game demo\COMP220\06_Lighting\06_Lighting.vcxproj" on node 2 (Build target(s)).
     1>ClCompile:
         C:\Program Files (x86)\Microsoft Visual Studio 14.0\VC\bin\x86_amd64\CL.exe /c /ZI /nologo /W3 /WX- /Od /D _DEBUG /D _WINDOWS /D _UNICODE /D UNICODE /Gm /EHsc /RTC1 /MDd /GS /fp:precise /Zc:wchar_t /Zc:forScope /Zc:inline /Yc"stdafx.h" /Fp"x64\Debug\06_Lighting.pch" /Fo"x64\Debug\\" /Fd"x64\Debug\vc140.pdb" /Gd /TP /errorReport:prompt stdafx.cpp
         stdafx.cpp
         C:\Program Files (x86)\Microsoft Visual Studio 14.0\VC\bin\x86_amd64\CL.exe /c /ZI /nologo /W3 /WX- /Od /D _DEBUG /D _WINDOWS /D _UNICODE /D UNICODE /Gm /EHsc /RTC1 /MDd /GS /fp:precise /Zc:wchar_t /Zc:forScope /Zc:inline /Yu"stdafx.h" /Fp"x64\Debug\06_Lighting.pch" /Fo"x64\Debug\\" /Fd"x64\Debug\vc140.pdb" /Gd /TP /errorReport:prompt 06_Lighting.cpp Mesh.cpp Vertex.cpp
         Vertex.cpp
         Mesh.cpp
     1>c:\users\tom\desktop\bsc computing for games\year 2\comp220\portfolio\comp220-portfolio\3d game demo\comp220\06_lighting\mesh.cpp(167): warning C4267: 'argument': conversion from 'size_t' to 'GLsizei', possible loss of data
         06_Lighting.cpp
         Generating Code...
       ResourceCompile:
         C:\Program Files (x86)\Windows Kits\8.1\bin\x86\rc.exe /D _UNICODE /D UNICODE /l"0x0409" /nologo /fo"x64\Debug\03_Transformations.res" 03_Transformations.rc 
       Link:
         C:\Program Files (x86)\Microsoft Visual Studio 14.0\VC\bin\x86_amd64\link.exe /ERRORREPORT:PROMPT /OUT:"C:\Users\Tom\Desktop\BSc Computing For Games\Year 2\COMP220\Portfolio\comp220-portfolio\3D game demo\COMP220\x64\Debug\06_Lighting.exe" /INCREMENTAL /NOLOGO SDL2.lib SDL2main.lib SDL2_image.lib opengl32.lib glew32.lib kernel32.lib user32.lib gdi32.lib winspool.lib comdlg32.lib advapi32.lib shell32.lib ole32.lib oleaut32.lib uuid.lib odbc32.lib odbccp32.lib /MANIFEST /MANIFESTUAC:"level='asInvoker' uiAccess='false'" /manifest:embed /Debug /PDB:"C:\Users\Tom\Desktop\BSc Computing For Games\Year 2\COMP220\Portfolio\comp220-portfolio\3D game demo\COMP220\x64\Debug\06_Lighting.pdb" /SUBSYSTEM:WINDOWS /TLBID:1 /DYNAMICBASE /NXCOMPAT /IMPLIB:"C:\Users\Tom\Desktop\BSc Computing For Games\Year 2\COMP220\Portfolio\comp220-portfolio\3D game demo\COMP220\x64\Debug\06_Lighting.lib" /MACHINE:X64 x64\Debug\03_Transformations.res
         x64\Debug\06_Lighting.obj
         x64\Debug\Mesh.obj
         x64\Debug\stdafx.obj
         x64\Debug\Vertex.obj
         06_Lighting.vcxproj -> C:\Users\Tom\Desktop\BSc Computing For Games\Year 2\COMP220\Portfolio\comp220-portfolio\3D game demo\COMP220\x64\Debug\06_Lighting.exe
     1>Done Building Project "C:\Users\Tom\Desktop\BSc Computing For Games\Year 2\COMP220\Portfolio\comp220-portfolio\3D game demo\COMP220\06_Lighting\06_Lighting.vcxproj" (Build target(s)).

Build succeeded.

Time Elapsed 00:00:03.61
