d:\james\comp_220_walkingsim\comp_220_walkingsim\debug\vc140.pdb
d:\james\comp_220_walkingsim\comp_220_walkingsim\debug\vc140.idb
d:\james\comp_220_walkingsim\comp_220_walkingsim\debug\comp_220_walkingsim.pch
d:\james\comp_220_walkingsim\comp_220_walkingsim\debug\stdafx.obj
d:\james\comp_220_walkingsim\comp_220_walkingsim\debug\comp_220_walkingsim.obj
d:\james\comp_220_walkingsim\comp_220_walkingsim\debug\mesh.obj
d:\james\github\comp220-portfolio\comp_220_walkingsim\comp_220_walkingsim\debug\comp_220_walkingsim.pch
d:\james\github\comp220-portfolio\comp_220_walkingsim\comp_220_walkingsim\debug\vc140.pdb
d:\james\github\comp220-portfolio\comp_220_walkingsim\comp_220_walkingsim\debug\vc140.idb
d:\james\github\comp220-portfolio\comp_220_walkingsim\comp_220_walkingsim\debug\stdafx.obj
d:\james\github\comp220-portfolio\comp_220_walkingsim\comp_220_walkingsim\debug\comp_220_walkingsim.obj
d:\james\github\comp220-portfolio\comp_220_walkingsim\comp_220_walkingsim\debug\mesh.obj
d:\james\comp_220_walkingsim\comp_220_walkingsim\debug\comp_220_walkingsim.res
d:\james\github\comp220-portfolio\comp_220_walkingsim\comp_220_walkingsim\debug\comp_220_walkingsim.res
d:\james\github\comp220-portfolio\comp_220_walkingsim\debug\comp_220_walkingsim.pdb
d:\james\github\comp220-portfolio\comp_220_walkingsim\comp_220_walkingsim\debug\comp_220.277a0a43.tlog\cl.command.1.tlog
d:\james\github\comp220-portfolio\comp_220_walkingsim\comp_220_walkingsim\debug\comp_220.277a0a43.tlog\cl.read.1.tlog
d:\james\github\comp220-portfolio\comp_220_walkingsim\comp_220_walkingsim\debug\comp_220.277a0a43.tlog\cl.write.1.tlog
d:\james\github\comp220-portfolio\comp_220_walkingsim\comp_220_walkingsim\debug\comp_220.277a0a43.tlog\link-cvtres.read.1.tlog
d:\james\github\comp220-portfolio\comp_220_walkingsim\comp_220_walkingsim\debug\comp_220.277a0a43.tlog\link-cvtres.write.1.tlog
d:\james\github\comp220-portfolio\comp_220_walkingsim\comp_220_walkingsim\debug\comp_220.277a0a43.tlog\link-rc.read.1.tlog
d:\james\github\comp220-portfolio\comp_220_walkingsim\comp_220_walkingsim\debug\comp_220.277a0a43.tlog\link-rc.write.1.tlog
d:\james\github\comp220-portfolio\comp_220_walkingsim\comp_220_walkingsim\debug\comp_220.277a0a43.tlog\link.command.1.tlog
d:\james\github\comp220-portfolio\comp_220_walkingsim\comp_220_walkingsim\debug\comp_220.277a0a43.tlog\link.read.1.tlog
d:\james\github\comp220-portfolio\comp_220_walkingsim\comp_220_walkingsim\debug\comp_220.277a0a43.tlog\link.write.1.tlog
d:\james\github\comp220-portfolio\comp_220_walkingsim\comp_220_walkingsim\debug\comp_220.277a0a43.tlog\rc.command.1.tlog
d:\james\github\comp220-portfolio\comp_220_walkingsim\comp_220_walkingsim\debug\comp_220.277a0a43.tlog\rc.read.1.tlog
d:\james\github\comp220-portfolio\comp_220_walkingsim\comp_220_walkingsim\debug\comp_220.277a0a43.tlog\rc.write.1.tlog
